十二月 15, 2015 12:02:23 下午 org.apache.catalina.startup.ClassLoaderFactory validateFile
警告: Problem with directory [/Users/Hsian/Workstation/_workspace/popular-framework/tomcat-6.0.44-study/catalina-home/lib], exists: [false], isDirectory: [false], canRead: [false]
十二月 15, 2015 12:02:23 下午 org.apache.catalina.startup.ClassLoaderFactory validateFile
警告: Problem with directory [/Users/Hsian/Workstation/_workspace/popular-framework/tomcat-6.0.44-study/catalina-home/lib], exists: [false], isDirectory: [false], canRead: [false]
十二月 15, 2015 12:02:23 下午 org.apache.catalina.startup.ClassLoaderFactory validateFile
警告: Problem with directory [/Users/Hsian/Workstation/_workspace/popular-framework/tomcat-6.0.44-study/catalina-home/lib], exists: [false], isDirectory: [false], canRead: [false]
十二月 15, 2015 12:02:23 下午 org.apache.catalina.startup.ClassLoaderFactory validateFile
警告: Problem with directory [/Users/Hsian/Workstation/_workspace/popular-framework/tomcat-6.0.44-study/catalina-home/lib], exists: [false], isDirectory: [false], canRead: [false]
十二月 15, 2015 12:02:24 下午 org.apache.catalina.startup.Embedded initDirs
严重: Cannot find specified temporary folder at catalina-home/temp
十二月 15, 2015 12:02:25 下午 org.apache.catalina.core.AprLifecycleListener init
信息: The APR based Apache Tomcat Native library which allows optimal performance in production environments was not found on the java.library.path: /Users/Hsian/Library/Java/Extensions:/Library/Java/Extensions:/Network/Library/Java/Extensions:/System/Library/Java/Extensions:/usr/lib/java:.
十二月 15, 2015 12:02:26 下午 org.apache.coyote.http11.Http11Protocol init
信息: Initializing Coyote HTTP/1.1 on http-8080
十二月 15, 2015 12:02:26 下午 org.apache.catalina.startup.Catalina load
信息: Initialization processed in 2309 ms
十二月 15, 2015 12:02:26 下午 org.apache.catalina.core.StandardService start
信息: Starting service Catalina
十二月 15, 2015 12:02:26 下午 org.apache.catalina.core.StandardEngine start
信息: Starting Servlet Engine: Apache Tomcat/@VERSION@
十二月 15, 2015 12:02:26 下午 org.apache.coyote.http11.Http11Protocol start
信息: Starting Coyote HTTP/1.1 on http-8080
十二月 15, 2015 12:02:26 下午 org.apache.jk.common.ChannelSocket init
信息: JK: ajp13 listening on /0.0.0.0:8009
十二月 15, 2015 12:02:26 下午 org.apache.jk.server.JkMain start
信息: Jk running ID=0 time=0/63  config=null
十二月 15, 2015 12:02:26 下午 org.apache.catalina.startup.Catalina start
信息: Server startup in 476 ms
十二月 15, 2015 12:02:56 下午 org.apache.coyote.http11.Http11Protocol pause
信息: Pausing Coyote HTTP/1.1 on http-8080
十二月 15, 2015 12:02:57 下午 org.apache.catalina.core.StandardService stop
信息: Stopping service Catalina
十二月 15, 2015 12:02:57 下午 org.apache.coyote.http11.Http11Protocol destroy
信息: Stopping Coyote HTTP/1.1 on http-8080
